TN:
SF:app.js
FN:15,(anonymous_0)
FN:19,(anonymous_1)
FN:24,(anonymous_2)
FN:77,(anonymous_3)
FN:148,(anonymous_4)
FN:192,(anonymous_5)
FN:199,(anonymous_6)
FN:214,(anonymous_7)
FN:249,(anonymous_8)
FN:277,(anonymous_9)
FN:285,(anonymous_10)
FN:294,(anonymous_11)
FN:303,(anonymous_12)
FN:312,(anonymous_13)
FN:316,(anonymous_14)
FNF:15
FNH:11
FNDA:58,(anonymous_0)
FNDA:58,(anonymous_1)
FNDA:58,(anonymous_2)
FNDA:0,(anonymous_3)
FNDA:1,(anonymous_4)
FNDA:0,(anonymous_5)
FNDA:0,(anonymous_6)
FNDA:1,(anonymous_7)
FNDA:1,(anonymous_8)
FNDA:3,(anonymous_9)
FNDA:1,(anonymous_10)
FNDA:1,(anonymous_11)
FNDA:0,(anonymous_12)
FNDA:2,(anonymous_13)
FNDA:1,(anonymous_14)
DA:1,3
DA:2,3
DA:3,3
DA:4,3
DA:5,3
DA:6,3
DA:9,3
DA:11,3
DA:12,3
DA:15,3
DA:16,58
DA:17,58
DA:19,58
DA:23,3
DA:26,58
DA:59,58
DA:69,58
DA:72,0
DA:73,0
DA:77,0
DA:78,0
DA:79,0
DA:80,0
DA:84,0
DA:85,0
DA:86,0
DA:87,0
DA:91,0
DA:92,0
DA:93,0
DA:94,0
DA:98,0
DA:99,0
DA:100,0
DA:101,0
DA:104,0
DA:105,0
DA:120,3
DA:132,3
DA:135,3
DA:137,3
DA:138,3
DA:139,3
DA:142,3
DA:145,3
DA:148,3
DA:149,1
DA:150,1
DA:180,3
DA:181,3
DA:182,3
DA:183,3
DA:184,3
DA:187,3
DA:188,3
DA:191,3
DA:193,0
DA:194,0
DA:195,0
DA:197,0
DA:200,0
DA:201,0
DA:202,0
DA:206,3
DA:214,3
DA:215,1
DA:216,1
DA:217,1
DA:223,0
DA:230,0
DA:240,0
DA:241,0
DA:249,3
DA:250,1
DA:251,1
DA:252,1
DA:254,1
DA:255,1
DA:261,0
DA:262,0
DA:264,0
DA:265,0
DA:268,0
DA:269,0
DA:277,3
DA:278,3
DA:285,3
DA:286,1
DA:294,3
DA:295,1
DA:303,3
DA:304,0
DA:305,0
DA:312,3
DA:313,2
DA:316,3
DA:317,1
DA:318,1
DA:321,3
LF:99
LH:60
BRDA:12,0,0,3
BRDA:12,0,1,0
BRDA:16,1,0,58
BRDA:16,1,1,0
BRDA:16,1,2,0
BRDA:69,2,0,58
BRDA:69,2,1,0
BRDA:72,3,0,0
BRDA:72,3,1,0
BRDA:78,4,0,0
BRDA:78,4,1,0
BRDA:85,5,0,0
BRDA:85,5,1,0
BRDA:92,6,0,0
BRDA:92,6,1,0
BRDA:99,7,0,0
BRDA:99,7,1,0
BRDA:194,8,0,0
BRDA:194,8,1,0
BRDA:216,9,0,1
BRDA:216,9,1,0
BRDA:254,10,0,1
BRDA:254,10,1,0
BRDA:307,11,0,0
BRDA:307,11,1,0
BRF:25
BRH:5
end_of_record
TN:
SF:config/database.js
FN:27,(anonymous_0)
FN:176,(anonymous_1)
FN:186,(anonymous_2)
FN:196,(anonymous_3)
FN:202,(anonymous_4)
FN:208,(anonymous_5)
FN:213,(anonymous_6)
FN:237,(anonymous_7)
FN:278,(anonymous_8)
FN:294,(anonymous_9)
FNF:10
FNH:8
FNDA:4,(anonymous_0)
FNDA:27,(anonymous_1)
FNDA:38,(anonymous_2)
FNDA:0,(anonymous_3)
FNDA:3,(anonymous_4)
FNDA:0,(anonymous_5)
FNDA:8,(anonymous_6)
FNDA:1,(anonymous_7)
FNDA:3,(anonymous_8)
FNDA:27,(anonymous_9)
DA:1,4
DA:2,4
DA:5,4
DA:19,4
DA:27,4
DA:28,4
DA:29,4
DA:30,0
DA:31,0
DA:33,4
DA:36,4
DA:39,4
DA:175,4
DA:177,27
DA:178,0
DA:181,27
DA:184,27
DA:185,13
DA:186,38
DA:187,13
DA:190,14
DA:191,2
DA:194,12
DA:195,0
DA:196,0
DA:197,0
DA:200,12
DA:201,2
DA:202,3
DA:203,2
DA:206,10
DA:207,0
DA:208,0
DA:209,0
DA:212,10
DA:213,8
DA:214,4
DA:215,4
DA:231,4
DA:232,4
DA:235,6
DA:236,1
DA:237,1
DA:238,1
DA:240,1
DA:242,0
DA:243,0
DA:258,1
DA:259,1
DA:273,1
DA:276,5
DA:277,1
DA:278,3
DA:279,1
DA:280,1
DA:282,1
DA:285,4
DA:290,4
DA:293,4
DA:296,27
DA:297,24
DA:299,3
DA:300,3
DA:303,3
DA:304,3
DA:306,0
DA:308,3
DA:313,4
LF:68
LH:56
BRDA:6,0,0,4
BRDA:6,0,1,0
BRDA:7,1,0,4
BRDA:7,1,1,0
BRDA:8,2,0,4
BRDA:8,2,1,0
BRDA:9,3,0,4
BRDA:9,3,1,0
BRDA:10,4,0,4
BRDA:10,4,1,0
BRDA:176,5,0,0
BRDA:177,6,0,0
BRDA:177,6,1,27
BRDA:184,7,0,13
BRDA:184,7,1,14
BRDA:187,8,0,7
BRDA:187,8,1,6
BRDA:190,9,0,2
BRDA:190,9,1,12
BRDA:194,10,0,0
BRDA:194,10,1,12
BRDA:197,11,0,0
BRDA:197,11,1,0
BRDA:200,12,0,2
BRDA:200,12,1,10
BRDA:203,13,0,1
BRDA:203,13,1,1
BRDA:206,14,0,0
BRDA:206,14,1,10
BRDA:209,15,0,0
BRDA:209,15,1,0
BRDA:212,16,0,4
BRDA:212,16,1,6
BRDA:235,17,0,1
BRDA:235,17,1,5
BRDA:238,18,0,1
BRDA:238,18,1,0
BRDA:240,19,0,0
BRDA:240,19,1,1
BRDA:273,20,0,1
BRDA:273,20,1,0
BRDA:276,21,0,1
BRDA:276,21,1,4
BRDA:279,22,0,1
BRDA:279,22,1,0
BRDA:282,23,0,1
BRDA:282,23,1,0
BRDA:294,24,0,5
BRDA:296,25,0,24
BRDA:296,25,1,3
BRDA:304,26,0,0
BRDA:304,26,1,3
BRF:52
BRH:33
end_of_record
TN:
SF:config/swagger.js
FNF:0
FNH:0
DA:1,3
DA:2,3
DA:5,3
DA:321,3
DA:330,3
DA:333,3
DA:339,3
DA:350,3
LF:8
LH:8
BRF:0
BRH:0
end_of_record
TN:
SF:routes/articles.js
FN:8,(anonymous_0)
FN:25,(anonymous_1)
FN:58,(anonymous_2)
FN:99,(anonymous_3)
FN:177,(anonymous_4)
FNF:5
FNH:0
FNDA:0,(anonymous_0)
FNDA:0,(anonymous_1)
FNDA:0,(anonymous_2)
FNDA:0,(anonymous_3)
FNDA:0,(anonymous_4)
DA:1,3
DA:2,3
DA:3,3
DA:5,3
DA:8,3
DA:9,0
DA:10,0
DA:14,0
DA:19,0
DA:20,0
DA:25,3
DA:26,0
DA:27,0
DA:29,0
DA:34,0
DA:35,0
DA:38,0
DA:43,0
DA:44,0
DA:49,3
DA:59,0
DA:60,0
DA:61,0
DA:62,0
DA:71,0
DA:73,0
DA:78,0
DA:84,0
DA:85,0
DA:90,3
DA:100,0
DA:101,0
DA:102,0
DA:103,0
DA:109,0
DA:113,0
DA:115,0
DA:116,0
DA:118,0
DA:119,0
DA:120,0
DA:122,0
DA:123,0
DA:124,0
DA:126,0
DA:127,0
DA:128,0
DA:130,0
DA:131,0
DA:132,0
DA:134,0
DA:135,0
DA:136,0
DA:138,0
DA:139,0
DA:140,0
DA:142,0
DA:143,0
DA:144,0
DA:146,0
DA:147,0
DA:148,0
DA:151,0
DA:152,0
DA:155,0
DA:157,0
DA:162,0
DA:163,0
DA:166,0
DA:171,0
DA:172,0
DA:177,3
DA:178,0
DA:179,0
DA:181,0
DA:186,0
DA:187,0
DA:190,0
DA:195,0
DA:196,0
DA:200,3
LF:81
LH:10
BRDA:34,0,0,0
BRDA:34,0,1,0
BRDA:61,1,0,0
BRDA:61,1,1,0
BRDA:69,2,0,0
BRDA:70,3,0,0
BRDA:70,4,0,0
BRDA:102,5,0,0
BRDA:102,5,1,0
BRDA:118,6,0,0
BRDA:118,6,1,0
BRDA:122,7,0,0
BRDA:122,7,1,0
BRDA:126,8,0,0
BRDA:126,8,1,0
BRDA:130,9,0,0
BRDA:130,9,1,0
BRDA:134,10,0,0
BRDA:134,10,1,0
BRDA:138,11,0,0
BRDA:138,11,1,0
BRDA:142,12,0,0
BRDA:142,12,1,0
BRDA:146,13,0,0
BRDA:146,13,1,0
BRDA:151,14,0,0
BRDA:151,14,1,0
BRDA:162,15,0,0
BRDA:162,15,1,0
BRDA:186,16,0,0
BRDA:186,16,1,0
BRF:31
BRH:0
end_of_record
TN:
SF:routes/auth.js
FN:49,(anonymous_0)
FN:203,(anonymous_1)
FN:248,(anonymous_2)
FN:256,(anonymous_3)
FN:266,(anonymous_4)
FN:292,(anonymous_5)
FNF:6
FNH:2
FNDA:13,(anonymous_0)
FNDA:5,(anonymous_1)
FNDA:0,(anonymous_2)
FNDA:0,(anonymous_3)
FNDA:0,(anonymous_4)
FNDA:0,(anonymous_5)
DA:1,3
DA:2,3
DA:3,3
DA:4,3
DA:5,3
DA:7,3
DA:46,3
DA:50,13
DA:52,13
DA:53,13
DA:54,3
DA:60,10
DA:62,10
DA:65,10
DA:70,10
DA:72,10
DA:73,6
DA:74,6
DA:77,4
DA:78,4
DA:79,4
DA:82,4
DA:83,4
DA:85,4
DA:86,1
DA:87,1
DA:91,3
DA:102,3
DA:104,3
DA:112,0
DA:113,0
DA:198,3
DA:204,5
DA:206,5
DA:207,5
DA:208,3
DA:214,2
DA:217,2
DA:222,2
DA:223,1
DA:227,1
DA:230,1
DA:235,1
DA:242,0
DA:243,0
DA:248,3
DA:249,0
DA:250,0
DA:252,0
DA:253,0
DA:256,0
DA:257,0
DA:258,0
DA:260,0
DA:261,0
DA:266,3
DA:267,0
DA:268,0
DA:273,0
DA:274,0
DA:277,0
DA:283,0
DA:284,0
DA:289,3
DA:293,0
DA:294,0
DA:295,0
DA:296,0
DA:302,0
DA:305,0
DA:310,0
DA:311,0
DA:315,0
DA:316,0
DA:317,0
DA:321,0
DA:324,0
DA:329,0
DA:335,0
DA:336,0
DA:340,3
LF:81
LH:45
BRDA:53,0,0,3
BRDA:53,0,1,10
BRDA:62,1,0,10
BRDA:62,1,1,0
BRDA:72,2,0,6
BRDA:72,2,1,4
BRDA:85,3,0,1
BRDA:85,3,1,3
BRDA:97,4,0,3
BRDA:97,4,1,0
BRDA:207,5,0,3
BRDA:207,5,1,2
BRDA:214,6,0,0
BRDA:222,7,0,1
BRDA:222,7,1,1
BRDA:250,8,0,0
BRDA:250,8,1,0
BRDA:252,9,0,0
BRDA:252,9,1,0
BRDA:256,10,0,0
BRDA:256,10,1,0
BRDA:257,11,0,0
BRDA:257,11,1,0
BRDA:273,12,0,0
BRDA:273,12,1,0
BRDA:295,13,0,0
BRDA:295,13,1,0
BRDA:310,14,0,0
BRDA:310,14,1,0
BRDA:316,15,0,0
BRDA:316,15,1,0
BRF:31
BRH:12
end_of_record
TN:
SF:routes/files-simple.js
FN:17,(anonymous_0)
FN:20,(anonymous_1)
FN:30,(anonymous_2)
FN:61,(anonymous_3)
FN:94,(anonymous_4)
FN:120,(anonymous_5)
FN:145,(anonymous_6)
FN:173,(anonymous_7)
FN:176,(anonymous_8)
FN:206,(anonymous_9)
FNF:10
FNH:0
FNDA:0,(anonymous_0)
FNDA:0,(anonymous_1)
FNDA:0,(anonymous_2)
FNDA:0,(anonymous_3)
FNDA:0,(anonymous_4)
FNDA:0,(anonymous_5)
FNDA:0,(anonymous_6)
FNDA:0,(anonymous_7)
FNDA:0,(anonymous_8)
FNDA:0,(anonymous_9)
DA:1,0
DA:2,0
DA:3,0
DA:4,0
DA:5,0
DA:7,0
DA:10,0
DA:11,0
DA:12,0
DA:16,0
DA:18,0
DA:22,0
DA:23,0
DA:24,0
DA:25,0
DA:30,0
DA:32,0
DA:44,0
DA:45,0
DA:47,0
DA:52,0
DA:61,0
DA:62,0
DA:63,0
DA:64,0
DA:70,0
DA:81,0
DA:82,0
DA:85,0
DA:86,0
DA:94,0
DA:95,0
DA:96,0
DA:97,0
DA:99,0
DA:100,0
DA:107,0
DA:108,0
DA:111,0
DA:112,0
DA:120,0
DA:121,0
DA:122,0
DA:123,0
DA:125,0
DA:126,0
DA:133,0
DA:136,0
DA:137,0
DA:145,0
DA:146,0
DA:147,0
DA:148,0
DA:150,0
DA:151,0
DA:157,0
DA:158,0
DA:164,0
DA:165,0
DA:173,0
DA:174,0
DA:175,0
DA:176,0
DA:177,0
DA:178,0
DA:180,0
DA:190,0
DA:197,0
DA:198,0
DA:206,0
DA:207,0
DA:215,0
LF:72
LH:0
BRDA:11,0,0,0
BRDA:11,0,1,0
BRDA:44,1,0,0
BRDA:44,1,1,0
BRDA:63,2,0,0
BRDA:63,2,1,0
BRDA:88,3,0,0
BRDA:88,3,1,0
BRDA:99,4,0,0
BRDA:99,4,1,0
BRDA:125,5,0,0
BRDA:125,5,1,0
BRDA:150,6,0,0
BRDA:150,6,1,0
BRF:14
BRH:0
end_of_record
TN:
SF:routes/learningRecords.js
FN:8,(anonymous_0)
FN:29,(anonymous_1)
FN:62,(anonymous_2)
FN:118,(anonymous_3)
FN:141,(anonymous_4)
FN:164,(anonymous_5)
FN:189,(anonymous_6)
FNF:7
FNH:0
FNDA:0,(anonymous_0)
FNDA:0,(anonymous_1)
FNDA:0,(anonymous_2)
FNDA:0,(anonymous_3)
FNDA:0,(anonymous_4)
FNDA:0,(anonymous_5)
FNDA:0,(anonymous_6)
DA:1,3
DA:2,3
DA:3,3
DA:5,3
DA:8,3
DA:9,0
DA:10,0
DA:18,0
DA:23,0
DA:24,0
DA:29,3
DA:30,0
DA:31,0
DA:33,0
DA:41,0
DA:42,0
DA:45,0
DA:50,0
DA:51,0
DA:56,3
DA:63,0
DA:64,0
DA:65,0
DA:66,0
DA:72,0
DA:75,0
DA:76,0
DA:77,0
DA:80,0
DA:81,0
DA:82,0
DA:86,0
DA:92,0
DA:94,0
DA:100,0
DA:106,0
DA:112,0
DA:113,0
DA:118,3
DA:119,0
DA:120,0
DA:122,0
DA:130,0
DA:135,0
DA:136,0
DA:141,3
DA:142,0
DA:143,0
DA:145,0
DA:153,0
DA:158,0
DA:159,0
DA:164,3
DA:165,0
DA:166,0
DA:178,0
DA:183,0
DA:184,0
DA:189,3
DA:190,0
DA:191,0
DA:193,0
DA:198,0
DA:199,0
DA:202,0
DA:207,0
DA:208,0
DA:212,3
LF:68
LH:12
BRDA:41,0,0,0
BRDA:41,0,1,0
BRDA:65,1,0,0
BRDA:65,1,1,0
BRDA:72,2,0,0
BRDA:76,3,0,0
BRDA:76,3,1,0
BRDA:81,4,0,0
BRDA:81,4,1,0
BRDA:92,5,0,0
BRDA:92,5,1,0
BRDA:109,6,0,0
BRDA:109,6,1,0
BRDA:198,7,0,0
BRDA:198,7,1,0
BRF:15
BRH:0
end_of_record
TN:
SF:routes/photos.js
FN:8,(anonymous_0)
FN:29,(anonymous_1)
FN:62,(anonymous_2)
FN:102,(anonymous_3)
FN:126,(anonymous_4)
FN:149,(anonymous_5)
FNF:6
FNH:0
FNDA:0,(anonymous_0)
FNDA:0,(anonymous_1)
FNDA:0,(anonymous_2)
FNDA:0,(anonymous_3)
FNDA:0,(anonymous_4)
FNDA:0,(anonymous_5)
DA:1,3
DA:2,3
DA:3,3
DA:5,3
DA:8,3
DA:9,0
DA:10,0
DA:18,0
DA:23,0
DA:24,0
DA:29,3
DA:30,0
DA:31,0
DA:33,0
DA:41,0
DA:42,0
DA:45,0
DA:50,0
DA:51,0
DA:56,3
DA:63,0
DA:64,0
DA:65,0
DA:66,0
DA:72,0
DA:75,0
DA:76,0
DA:77,0
DA:80,0
DA:81,0
DA:82,0
DA:85,0
DA:90,0
DA:96,0
DA:97,0
DA:102,3
DA:103,0
DA:104,0
DA:106,0
DA:111,0
DA:112,0
DA:115,0
DA:120,0
DA:121,0
DA:126,3
DA:127,0
DA:128,0
DA:130,0
DA:138,0
DA:143,0
DA:144,0
DA:149,3
DA:150,0
DA:151,0
DA:153,0
DA:161,0
DA:166,0
DA:167,0
DA:171,3
LF:59
LH:11
BRDA:41,0,0,0
BRDA:41,0,1,0
BRDA:65,1,0,0
BRDA:65,1,1,0
BRDA:76,2,0,0
BRDA:76,2,1,0
BRDA:81,3,0,0
BRDA:81,3,1,0
BRDA:111,4,0,0
BRDA:111,4,1,0
BRF:10
BRH:0
end_of_record
TN:
SF:routes/users.js
FN:9,(anonymous_0)
FN:17,(anonymous_1)
FN:61,(anonymous_2)
FN:80,(anonymous_3)
FN:109,(anonymous_4)
FN:166,(anonymous_5)
FN:227,(anonymous_6)
FNF:7
FNH:3
FNDA:22,(anonymous_0)
FNDA:20,(anonymous_1)
FNDA:2,(anonymous_2)
FNDA:0,(anonymous_3)
FNDA:0,(anonymous_4)
FNDA:0,(anonymous_5)
FNDA:0,(anonymous_6)
DA:1,3
DA:2,3
DA:3,3
DA:4,3
DA:5,3
DA:6,3
DA:9,3
DA:10,22
DA:11,22
DA:13,22
DA:14,2
DA:17,20
DA:18,20
DA:19,18
DA:21,2
DA:22,2
DA:61,3
DA:62,2
DA:63,2
DA:67,2
DA:74,0
DA:75,0
DA:80,3
DA:81,0
DA:82,0
DA:84,0
DA:89,0
DA:90,0
DA:93,0
DA:99,0
DA:100,0
DA:105,3
DA:110,0
DA:112,0
DA:113,0
DA:114,0
DA:124,0
DA:127,0
DA:132,0
DA:133,0
DA:140,0
DA:143,0
DA:148,0
DA:155,0
DA:156,0
DA:164,3
DA:167,0
DA:168,0
DA:169,0
DA:170,0
DA:177,0
DA:181,0
DA:184,0
DA:189,0
DA:190,0
DA:197,0
DA:198,0
DA:201,0
DA:202,0
DA:203,0
DA:204,0
DA:207,0
DA:208,0
DA:210,0
DA:212,0
DA:218,0
DA:219,0
DA:227,3
DA:228,0
DA:229,0
DA:232,0
DA:237,0
DA:238,0
DA:245,0
DA:247,0
DA:253,0
DA:254,0
DA:261,3
LF:78
LH:25
BRDA:11,0,0,22
BRDA:11,0,1,20
BRDA:13,1,0,2
BRDA:13,1,1,20
BRDA:17,2,0,20
BRDA:17,2,1,0
BRDA:18,3,0,18
BRDA:18,3,1,2
BRDA:89,4,0,0
BRDA:89,4,1,0
BRDA:113,5,0,0
BRDA:113,5,1,0
BRDA:122,6,0,0
BRDA:132,7,0,0
BRDA:132,7,1,0
BRDA:169,8,0,0
BRDA:169,8,1,0
BRDA:189,9,0,0
BRDA:189,9,1,0
BRDA:201,10,0,0
BRDA:201,10,1,0
BRDA:201,11,0,0
BRDA:201,11,1,0
BRDA:237,12,0,0
BRDA:237,12,1,0
BRF:25
BRH:7
end_of_record
